<?xml version="1.0" encoding="UTF-8"?>
<!-- Generated by org.testng.reporters.JUnitXMLReporter -->
<testsuite ignored="0" hostname="dipak" failures="1" tests="1" name="Test" time="10.336" errors="0" timestamp="2024-05-23T16:25:25 IST">
  <testcase classname="io.cucumber.testng.AbstractTestNGCucumberTests" name="runScenario" time="10.123">
    <failure type="java.lang.AssertionError" message="Specified data is not available or might be numeric in the excel (Add single quotes to the data).">
      <![CDATA[java.lang.AssertionError: Specified data is not available or might be numeric in the excel (Add single quotes to the data).
at utils.DataHelper.readDataRowWise(DataHelper.java:153)
at stepDef.StepDef_Test1.user_open_the_application(StepDef_Test1.java:24)
at ✽.user open the application(file:///C:/Users/dangr/eclipse-workspace/RestAssured/bdd/src/test/resources/Features/FreeCRM.feature:15)
... Removed 1 stack frames]]>
    </failure>
  </testcase> <!-- runScenario -->
</testsuite> <!-- Test -->
