<?xml version="1.0" encoding="UTF-8"?>
<testsuite xmlns:xsi="http://www.w3.org/2001/XMLSchema-instance" xsi:noNamespaceSchemaLocation="https://maven.apache.org/surefire/maven-surefire-plugin/xsd/surefire-test-report-3.0.xsd" version="3.0" name="TestSuite" time="10.927" tests="1" errors="0" skipped="0" failures="1">
  <properties>
[...]
</properties>
  <testcase name="runScenario[&quot;validate the Login Page&quot;, &quot;I want to validate&quot;](1)" classname="testRunner.TestRunner" time="10.197">
    <failure message="Specified data is not available or might be numeric in the excel (Add single quotes to the data)." type="java.lang.AssertionError"><![CDATA[java.lang.AssertionError: Specified data is not available or might be numeric in the excel (Add single quotes to the data).
	at org.testng.Assert.fail(Assert.java:111)
	at utils.DataHelper.readDataRowWise(DataHelper.java:153)
	at stepDef.StepDef_Test1.user_open_the_application(StepDef_Test1.java:24)
	at ✽.user open the application(file:///C:/Users/dangr/eclipse-workspace/RestAssured/bdd/src/test/resources/Features/FreeCRM.feature:15)
]]></failure>
    <system-out><![CDATA[
@smoke @Login
Scenario: validate the Login Page # src/test/resources/Features/FreeCRM.feature:14
Launched the application......
  Given user open the application # stepDef.StepDef_Test1.user_open_the_application()
      java.lang.AssertionError: Specified data is not available or might be numeric in the excel (Add single quotes to the data).
	at org.testng.Assert.fail(Assert.java:111)
	at utils.DataHelper.readDataRowWise(DataHelper.java:153)
	at stepDef.StepDef_Test1.user_open_the_application(StepDef_Test1.java:24)
	at âœ½.user open the application(file:///C:/Users/dangr/eclipse-workspace/RestAssured/bdd/src/test/resources/Features/FreeCRM.feature:15)

  When user click on Login button # stepDef.StepDef_Test1.user_click_on_login_button()
  When user enter the username    # stepDef.StepDef_Test1.user_enter_the_username()
  Then user enter the password    # stepDef.StepDef_Test1.user_enter_the_password()
  Then use click on login button  # stepDef.StepDef_Test1.use_click_on_login_button()
  Then validate the login         # stepDef.StepDef_Test1.validate_the_login()
]]></system-out>
    <system-err><![CDATA[SLF4J: No SLF4J providers were found.
SLF4J: Defaulting to no-operation (NOP) logger implementation
SLF4J: See https://www.slf4j.org/codes.html#noProviders for further details.
]]></system-err>
  </testcase>
</testsuite>