<?xml version="1.0" encoding="UTF-8"?>
<!-- Generated by org.testng.reporters.JUnitReportReporter -->
<testsuite hostname="dipak" failures="1" tests="1" name="testRunner.TestRunner" time="10.123" errors="0" timestamp="2024-05-23T16:25:25 IST" skipped="0">
  <testcase classname="testRunner.TestRunner" name="runScenario" time="10.123">
    <failure message="Specified data is not available or might be numeric in the excel (Add single quotes to the data)." type="java.lang.AssertionError">
      <![CDATA[java.lang.AssertionError: Specified data is not available or might be numeric in the excel (Add single quotes to the data).
at org.testng.Assert.fail(Assert.java:111)
at utils.DataHelper.readDataRowWise(DataHelper.java:153)
at stepDef.StepDef_Test1.user_open_the_application(StepDef_Test1.java:24)
at ✽.user open the application(file:///C:/Users/dangr/eclipse-workspace/RestAssured/bdd/src/test/resources/Features/FreeCRM.feature:15)
]]>
    </failure>
  </testcase> <!-- runScenario -->
</testsuite> <!-- testRunner.TestRunner -->
